{"C:\\Users\\mroei\\Documents\\GitHub\\Weewooo\\app\\(tabs)\\scan.tsx": {"path":"C:\\Users\\mroei\\Documents\\GitHub\\Weewooo\\app\\(tabs)\\scan.tsx","statementMap":{"0":{"start":{"line":18,"column":25},"end":{"line":25,"column":1}},"1":{"start":{"line":28,"column":23},"end":{"line":28,"column":48}},"2":{"start":{"line":31,"column":32},"end":{"line":31,"column":44}},"3":{"start":{"line":32,"column":32},"end":{"line":32,"column":47}},"4":{"start":{"line":33,"column":38},"end":{"line":35,"column":3}},"5":{"start":{"line":36,"column":40},"end":{"line":36,"column":54}},"6":{"start":{"line":37,"column":42},"end":{"line":37,"column":64}},"7":{"start":{"line":42,"column":29},"end":{"line":81,"column":3}},"8":{"start":{"line":44,"column":23},"end":{"line":44,"column":41}},"9":{"start":{"line":45,"column":4},"end":{"line":45,"column":28}},"10":{"start":{"line":45,"column":21},"end":{"line":45,"column":28}},"11":{"start":{"line":47,"column":4},"end":{"line":50,"column":5}},"12":{"start":{"line":48,"column":6},"end":{"line":48,"column":49}},"13":{"start":{"line":49,"column":6},"end":{"line":49,"column":13}},"14":{"start":{"line":53,"column":4},"end":{"line":59,"column":5}},"15":{"start":{"line":54,"column":19},"end":{"line":54,"column":57}},"16":{"start":{"line":54,"column":37},"end":{"line":54,"column":56}},"17":{"start":{"line":55,"column":6},"end":{"line":58,"column":7}},"18":{"start":{"line":56,"column":8},"end":{"line":56,"column":84}},"19":{"start":{"line":57,"column":8},"end":{"line":57,"column":15}},"20":{"start":{"line":62,"column":4},"end":{"line":62,"column":21}},"21":{"start":{"line":63,"column":4},"end":{"line":63,"column":27}},"22":{"start":{"line":66,"column":4},"end":{"line":72,"column":5}},"23":{"start":{"line":68,"column":6},"end":{"line":68,"column":52}},"24":{"start":{"line":71,"column":6},"end":{"line":71,"column":51}},"25":{"start":{"line":74,"column":4},"end":{"line":74,"column":79}},"26":{"start":{"line":77,"column":4},"end":{"line":80,"column":13}},"27":{"start":{"line":78,"column":6},"end":{"line":78,"column":24}},"28":{"start":{"line":79,"column":6},"end":{"line":79,"column":21}},"29":{"start":{"line":83,"column":28},"end":{"line":98,"column":3}},"30":{"start":{"line":84,"column":17},"end":{"line":84,"column":35}},"31":{"start":{"line":85,"column":4},"end":{"line":97,"column":5}},"32":{"start":{"line":87,"column":6},"end":{"line":93,"column":7}},"33":{"start":{"line":89,"column":8},"end":{"line":89,"column":25}},"34":{"start":{"line":90,"column":8},"end":{"line":90,"column":50}},"35":{"start":{"line":90,"column":25},"end":{"line":90,"column":42}},"36":{"start":{"line":91,"column":8},"end":{"line":91,"column":45}},"37":{"start":{"line":92,"column":8},"end":{"line":92,"column":15}},"38":{"start":{"line":96,"column":6},"end":{"line":96,"column":31}},"39":{"start":{"line":100,"column":23},"end":{"line":111,"column":3}},"40":{"start":{"line":101,"column":17},"end":{"line":101,"column":31}},"41":{"start":{"line":102,"column":4},"end":{"line":102,"column":22}},"42":{"start":{"line":102,"column":15},"end":{"line":102,"column":22}},"43":{"start":{"line":104,"column":4},"end":{"line":107,"column":5}},"44":{"start":{"line":105,"column":6},"end":{"line":105,"column":78}},"45":{"start":{"line":106,"column":6},"end":{"line":106,"column":13}},"46":{"start":{"line":110,"column":4},"end":{"line":110,"column":29}},"47":{"start":{"line":113,"column":26},"end":{"line":116,"column":3}},"48":{"start":{"line":115,"column":4},"end":{"line":115,"column":29}},"49":{"start":{"line":118,"column":31},"end":{"line":160,"column":3}},"50":{"start":{"line":119,"column":4},"end":{"line":159,"column":6}},"51":{"start":{"line":127,"column":25},"end":{"line":127,"column":50}},"52":{"start":{"line":146,"column":25},"end":{"line":146,"column":51}},"53":{"start":{"line":162,"column":23},"end":{"line":240,"column":3}},"54":{"start":{"line":164,"column":4},"end":{"line":170,"column":5}},"55":{"start":{"line":167,"column":6},"end":{"line":169,"column":8}},"56":{"start":{"line":175,"column":4},"end":{"line":182,"column":5}},"57":{"start":{"line":176,"column":6},"end":{"line":181,"column":8}},"58":{"start":{"line":184,"column":4},"end":{"line":198,"column":5}},"59":{"start":{"line":186,"column":6},"end":{"line":197,"column":8}},"60":{"start":{"line":200,"column":4},"end":{"line":239,"column":6}},"61":{"start":{"line":206,"column":42},"end":{"line":206,"column":65}},"62":{"start":{"line":242,"column":2},"end":{"line":283,"column":4}},"63":{"start":{"line":271,"column":14},"end":{"line":277,"column":33}},"64":{"start":{"line":274,"column":31},"end":{"line":274,"column":52}},"65":{"start":{"line":286,"column":15},"end":{"line":463,"column":2}}},"fnMap":{"0":{"name":"ScanScreen","decl":{"start":{"line":30,"column":24},"end":{"line":30,"column":34}},"loc":{"start":{"line":30,"column":37},"end":{"line":284,"column":1}},"line":30},"1":{"name":"(anonymous_1)","decl":{"start":{"line":42,"column":29},"end":{"line":42,"column":30}},"loc":{"start":{"line":42,"column":47},"end":{"line":81,"column":3}},"line":42},"2":{"name":"(anonymous_2)","decl":{"start":{"line":54,"column":30},"end":{"line":54,"column":31}},"loc":{"start":{"line":54,"column":37},"end":{"line":54,"column":56}},"line":54},"3":{"name":"(anonymous_3)","decl":{"start":{"line":77,"column":15},"end":{"line":77,"column":16}},"loc":{"start":{"line":77,"column":21},"end":{"line":80,"column":5}},"line":77},"4":{"name":"(anonymous_4)","decl":{"start":{"line":83,"column":28},"end":{"line":83,"column":29}},"loc":{"start":{"line":83,"column":46},"end":{"line":98,"column":3}},"line":83},"5":{"name":"(anonymous_5)","decl":{"start":{"line":90,"column":19},"end":{"line":90,"column":20}},"loc":{"start":{"line":90,"column":25},"end":{"line":90,"column":42}},"line":90},"6":{"name":"(anonymous_6)","decl":{"start":{"line":100,"column":23},"end":{"line":100,"column":24}},"loc":{"start":{"line":100,"column":29},"end":{"line":111,"column":3}},"line":100},"7":{"name":"(anonymous_7)","decl":{"start":{"line":113,"column":26},"end":{"line":113,"column":27}},"loc":{"start":{"line":113,"column":44},"end":{"line":116,"column":3}},"line":113},"8":{"name":"(anonymous_8)","decl":{"start":{"line":118,"column":31},"end":{"line":118,"column":32}},"loc":{"start":{"line":118,"column":37},"end":{"line":160,"column":3}},"line":118},"9":{"name":"(anonymous_9)","decl":{"start":{"line":127,"column":19},"end":{"line":127,"column":20}},"loc":{"start":{"line":127,"column":25},"end":{"line":127,"column":50}},"line":127},"10":{"name":"(anonymous_10)","decl":{"start":{"line":146,"column":19},"end":{"line":146,"column":20}},"loc":{"start":{"line":146,"column":25},"end":{"line":146,"column":51}},"line":146},"11":{"name":"(anonymous_11)","decl":{"start":{"line":162,"column":23},"end":{"line":162,"column":24}},"loc":{"start":{"line":162,"column":29},"end":{"line":240,"column":3}},"line":162},"12":{"name":"(anonymous_12)","decl":{"start":{"line":206,"column":28},"end":{"line":206,"column":29}},"loc":{"start":{"line":206,"column":42},"end":{"line":206,"column":65}},"line":206},"13":{"name":"(anonymous_13)","decl":{"start":{"line":270,"column":34},"end":{"line":270,"column":35}},"loc":{"start":{"line":271,"column":14},"end":{"line":277,"column":33}},"line":271},"14":{"name":"(anonymous_14)","decl":{"start":{"line":274,"column":25},"end":{"line":274,"column":26}},"loc":{"start":{"line":274,"column":31},"end":{"line":274,"column":52}},"line":274}},"branchMap":{"0":{"loc":{"start":{"line":44,"column":23},"end":{"line":44,"column":41}},"type":"binary-expr","locations":[{"start":{"line":44,"column":23},"end":{"line":44,"column":35}},{"start":{"line":44,"column":39},"end":{"line":44,"column":41}}],"line":44},"1":{"loc":{"start":{"line":45,"column":4},"end":{"line":45,"column":28}},"type":"if","locations":[{"start":{"line":45,"column":4},"end":{"line":45,"column":28}},{"start":{},"end":{}}],"line":45},"2":{"loc":{"start":{"line":47,"column":4},"end":{"line":50,"column":5}},"type":"if","locations":[{"start":{"line":47,"column":4},"end":{"line":50,"column":5}},{"start":{},"end":{}}],"line":47},"3":{"loc":{"start":{"line":53,"column":4},"end":{"line":59,"column":5}},"type":"if","locations":[{"start":{"line":53,"column":4},"end":{"line":59,"column":5}},{"start":{},"end":{}}],"line":53},"4":{"loc":{"start":{"line":55,"column":6},"end":{"line":58,"column":7}},"type":"if","locations":[{"start":{"line":55,"column":6},"end":{"line":58,"column":7}},{"start":{},"end":{}}],"line":55},"5":{"loc":{"start":{"line":55,"column":10},"end":{"line":55,"column":37}},"type":"binary-expr","locations":[{"start":{"line":55,"column":10},"end":{"line":55,"column":15}},{"start":{"line":55,"column":19},"end":{"line":55,"column":37}}],"line":55},"6":{"loc":{"start":{"line":56,"column":38},"end":{"line":56,"column":62}},"type":"binary-expr","locations":[{"start":{"line":56,"column":38},"end":{"line":56,"column":48}},{"start":{"line":56,"column":52},"end":{"line":56,"column":62}}],"line":56},"7":{"loc":{"start":{"line":84,"column":17},"end":{"line":84,"column":35}},"type":"binary-expr","locations":[{"start":{"line":84,"column":17},"end":{"line":84,"column":29}},{"start":{"line":84,"column":33},"end":{"line":84,"column":35}}],"line":84},"8":{"loc":{"start":{"line":85,"column":4},"end":{"line":97,"column":5}},"type":"if","locations":[{"start":{"line":85,"column":4},"end":{"line":97,"column":5}},{"start":{},"end":{}}],"line":85},"9":{"loc":{"start":{"line":87,"column":6},"end":{"line":93,"column":7}},"type":"if","locations":[{"start":{"line":87,"column":6},"end":{"line":93,"column":7}},{"start":{},"end":{}}],"line":87},"10":{"loc":{"start":{"line":102,"column":4},"end":{"line":102,"column":22}},"type":"if","locations":[{"start":{"line":102,"column":4},"end":{"line":102,"column":22}},{"start":{},"end":{}}],"line":102},"11":{"loc":{"start":{"line":104,"column":4},"end":{"line":107,"column":5}},"type":"if","locations":[{"start":{"line":104,"column":4},"end":{"line":107,"column":5}},{"start":{},"end":{}}],"line":104},"12":{"loc":{"start":{"line":123,"column":12},"end":{"line":125,"column":35}},"type":"cond-expr","locations":[{"start":{"line":124,"column":16},"end":{"line":124,"column":41}},{"start":{"line":125,"column":16},"end":{"line":125,"column":35}}],"line":123},"13":{"loc":{"start":{"line":131,"column":14},"end":{"line":133,"column":41}},"type":"cond-expr","locations":[{"start":{"line":132,"column":18},"end":{"line":132,"column":47}},{"start":{"line":133,"column":18},"end":{"line":133,"column":41}}],"line":131},"14":{"loc":{"start":{"line":142,"column":12},"end":{"line":144,"column":35}},"type":"cond-expr","locations":[{"start":{"line":143,"column":16},"end":{"line":143,"column":41}},{"start":{"line":144,"column":16},"end":{"line":144,"column":35}}],"line":142},"15":{"loc":{"start":{"line":150,"column":14},"end":{"line":152,"column":41}},"type":"cond-expr","locations":[{"start":{"line":151,"column":18},"end":{"line":151,"column":47}},{"start":{"line":152,"column":18},"end":{"line":152,"column":41}}],"line":150},"16":{"loc":{"start":{"line":164,"column":4},"end":{"line":170,"column":5}},"type":"if","locations":[{"start":{"line":164,"column":4},"end":{"line":170,"column":5}},{"start":{},"end":{}}],"line":164},"17":{"loc":{"start":{"line":175,"column":4},"end":{"line":182,"column":5}},"type":"if","locations":[{"start":{"line":175,"column":4},"end":{"line":182,"column":5}},{"start":{},"end":{}}],"line":175},"18":{"loc":{"start":{"line":184,"column":4},"end":{"line":198,"column":5}},"type":"if","locations":[{"start":{"line":184,"column":4},"end":{"line":198,"column":5}},{"start":{},"end":{}}],"line":184},"19":{"loc":{"start":{"line":225,"column":9},"end":{"line":234,"column":9}},"type":"binary-expr","locations":[{"start":{"line":225,"column":9},"end":{"line":225,"column":16}},{"start":{"line":226,"column":10},"end":{"line":233,"column":17}}],"line":225}},"s":{"0":1,"1":1,"2":33,"3":33,"4":33,"5":33,"6":33,"7":33,"8":7,"9":7,"10":0,"11":7,"12":0,"13":0,"14":7,"15":2,"16":3,"17":2,"18":1,"19":1,"20":6,"21":6,"22":6,"23":6,"24":0,"25":6,"26":6,"27":0,"28":0,"29":33,"30":5,"31":5,"32":2,"33":1,"34":1,"35":0,"36":1,"37":1,"38":1,"39":33,"40":10,"41":10,"42":0,"43":10,"44":4,"45":4,"46":6,"47":33,"48":0,"49":33,"50":33,"51":4,"52":4,"53":33,"54":33,"55":0,"56":33,"57":0,"58":33,"59":0,"60":33,"61":5,"62":33,"63":198,"64":0,"65":1},"f":{"0":33,"1":7,"2":3,"3":0,"4":5,"5":0,"6":10,"7":0,"8":33,"9":4,"10":4,"11":33,"12":5,"13":198,"14":0},"b":{"0":[7,0],"1":[0,7],"2":[0,7],"3":[2,5],"4":[1,1],"5":[2,2],"6":[1,0],"7":[5,0],"8":[2,3],"9":[1,1],"10":[0,10],"11":[4,6],"12":[24,9],"13":[24,9],"14":[9,24],"15":[9,24],"16":[0,33],"17":[0,33],"18":[0,33],"19":[33,7]},"_coverageSchema":"1a1c01bbd47fc00a2c39e90264f33305004495a9","hash":"a4a25575a200863d6f8c459ac665925c10e8f24d"}
,"C:\\Users\\mroei\\Documents\\GitHub\\Weewooo\\components\\ui\\IconSymbol.ios.tsx": {"path":"C:\\Users\\mroei\\Documents\\GitHub\\Weewooo\\components\\ui\\IconSymbol.ios.tsx","statementMap":{"0":{"start":{"line":17,"column":2},"end":{"line":31,"column":4}}},"fnMap":{"0":{"name":"IconSymbol","decl":{"start":{"line":4,"column":16},"end":{"line":4,"column":26}},"loc":{"start":{"line":16,"column":3},"end":{"line":32,"column":1}},"line":16}},"branchMap":{"0":{"loc":{"start":{"line":6,"column":2},"end":{"line":6,"column":11}},"type":"default-arg","locations":[{"start":{"line":6,"column":9},"end":{"line":6,"column":11}}],"line":6},"1":{"loc":{"start":{"line":9,"column":2},"end":{"line":9,"column":20}},"type":"default-arg","locations":[{"start":{"line":9,"column":11},"end":{"line":9,"column":20}}],"line":9}},"s":{"0":40},"f":{"0":40},"b":{"0":[0],"1":[40]},"_coverageSchema":"1a1c01bbd47fc00a2c39e90264f33305004495a9","hash":"92ba7afb7f5d14682347e62e589583104dcf796d"}
,"C:\\Users\\mroei\\Documents\\GitHub\\Weewooo\\server\\history.js": {"path":"C:\\Users\\mroei\\Documents\\GitHub\\Weewooo\\server\\history.js","statementMap":{"0":{"start":{"line":1,"column":16},"end":{"line":1,"column":34}},"1":{"start":{"line":4,"column":19},"end":{"line":4,"column":35}},"2":{"start":{"line":6,"column":4},"end":{"line":78,"column":7}},"3":{"start":{"line":7,"column":126},"end":{"line":7,"column":134}},"4":{"start":{"line":8,"column":20},"end":{"line":8,"column":41}},"5":{"start":{"line":10,"column":27},"end":{"line":10,"column":53}},"6":{"start":{"line":12,"column":8},"end":{"line":77,"column":9}},"7":{"start":{"line":13,"column":12},"end":{"line":13,"column":48}},"8":{"start":{"line":16,"column":28},"end":{"line":16,"column":137}},"9":{"start":{"line":17,"column":12},"end":{"line":17,"column":84}},"10":{"start":{"line":17,"column":36},"end":{"line":17,"column":84}},"11":{"start":{"line":18,"column":25},"end":{"line":18,"column":33}},"12":{"start":{"line":21,"column":34},"end":{"line":21,"column":47}},"13":{"start":{"line":22,"column":43},"end":{"line":22,"column":77}},"14":{"start":{"line":24,"column":12},"end":{"line":28,"column":13}},"15":{"start":{"line":25,"column":16},"end":{"line":25,"column":44}},"16":{"start":{"line":26,"column":19},"end":{"line":28,"column":13}},"17":{"start":{"line":27,"column":16},"end":{"line":27,"column":44}},"18":{"start":{"line":30,"column":12},"end":{"line":30,"column":59}},"19":{"start":{"line":33,"column":12},"end":{"line":33,"column":140}},"20":{"start":{"line":36,"column":33},"end":{"line":40,"column":13}},"21":{"start":{"line":41,"column":12},"end":{"line":43,"column":15}},"22":{"start":{"line":46,"column":34},"end":{"line":46,"column":162}},"23":{"start":{"line":47,"column":32},"end":{"line":47,"column":46}},"24":{"start":{"line":48,"column":27},"end":{"line":48,"column":51}},"25":{"start":{"line":49,"column":44},"end":{"line":49,"column":78}},"26":{"start":{"line":51,"column":12},"end":{"line":66,"column":13}},"27":{"start":{"line":52,"column":41},"end":{"line":56,"column":17}},"28":{"start":{"line":57,"column":16},"end":{"line":64,"column":19}},"29":{"start":{"line":65,"column":16},"end":{"line":65,"column":83}},"30":{"start":{"line":68,"column":12},"end":{"line":68,"column":38}},"31":{"start":{"line":69,"column":12},"end":{"line":69,"column":116}},"32":{"start":{"line":72,"column":12},"end":{"line":72,"column":40}},"33":{"start":{"line":73,"column":12},"end":{"line":73,"column":56}},"34":{"start":{"line":74,"column":12},"end":{"line":74,"column":89}},"35":{"start":{"line":76,"column":12},"end":{"line":76,"column":33}},"36":{"start":{"line":80,"column":4},"end":{"line":102,"column":7}},"37":{"start":{"line":81,"column":27},"end":{"line":81,"column":36}},"38":{"start":{"line":82,"column":8},"end":{"line":101,"column":9}},"39":{"start":{"line":83,"column":24},"end":{"line":88,"column":13}},"40":{"start":{"line":89,"column":27},"end":{"line":89,"column":29}},"41":{"start":{"line":90,"column":12},"end":{"line":93,"column":13}},"42":{"start":{"line":91,"column":16},"end":{"line":91,"column":46}},"43":{"start":{"line":92,"column":16},"end":{"line":92,"column":36}},"44":{"start":{"line":94,"column":12},"end":{"line":94,"column":51}},"45":{"start":{"line":95,"column":27},"end":{"line":95,"column":58}},"46":{"start":{"line":96,"column":28},"end":{"line":96,"column":126}},"47":{"start":{"line":96,"column":45},"end":{"line":96,"column":124}},"48":{"start":{"line":97,"column":12},"end":{"line":97,"column":30}},"49":{"start":{"line":99,"column":12},"end":{"line":99,"column":60}},"50":{"start":{"line":100,"column":12},"end":{"line":100,"column":79}},"51":{"start":{"line":104,"column":4},"end":{"line":104,"column":18}},"52":{"start":{"line":107,"column":0},"end":{"line":107,"column":37}}},"fnMap":{"0":{"name":"createHistoryRouter","decl":{"start":{"line":3,"column":9},"end":{"line":3,"column":28}},"loc":{"start":{"line":3,"column":35},"end":{"line":105,"column":1}},"line":3},"1":{"name":"(anonymous_1)","decl":{"start":{"line":6,"column":31},"end":{"line":6,"column":32}},"loc":{"start":{"line":6,"column":51},"end":{"line":78,"column":5}},"line":6},"2":{"name":"(anonymous_2)","decl":{"start":{"line":80,"column":27},"end":{"line":80,"column":28}},"loc":{"start":{"line":80,"column":47},"end":{"line":102,"column":5}},"line":80},"3":{"name":"(anonymous_3)","decl":{"start":{"line":96,"column":37},"end":{"line":96,"column":38}},"loc":{"start":{"line":96,"column":45},"end":{"line":96,"column":124}},"line":96}},"branchMap":{"0":{"loc":{"start":{"line":7,"column":42},"end":{"line":7,"column":98}},"type":"default-arg","locations":[{"start":{"line":7,"column":51},"end":{"line":7,"column":98}}],"line":7},"1":{"loc":{"start":{"line":7,"column":100},"end":{"line":7,"column":121}},"type":"default-arg","locations":[{"start":{"line":7,"column":107},"end":{"line":7,"column":121}}],"line":7},"2":{"loc":{"start":{"line":8,"column":20},"end":{"line":8,"column":41}},"type":"binary-expr","locations":[{"start":{"line":8,"column":20},"end":{"line":8,"column":36}},{"start":{"line":8,"column":40},"end":{"line":8,"column":41}}],"line":8},"3":{"loc":{"start":{"line":17,"column":12},"end":{"line":17,"column":84}},"type":"if","locations":[{"start":{"line":17,"column":12},"end":{"line":17,"column":84}},{"start":{},"end":{}}],"line":17},"4":{"loc":{"start":{"line":24,"column":12},"end":{"line":28,"column":13}},"type":"if","locations":[{"start":{"line":24,"column":12},"end":{"line":28,"column":13}},{"start":{"line":26,"column":19},"end":{"line":28,"column":13}}],"line":24},"5":{"loc":{"start":{"line":26,"column":19},"end":{"line":28,"column":13}},"type":"if","locations":[{"start":{"line":26,"column":19},"end":{"line":28,"column":13}},{"start":{},"end":{}}],"line":26},"6":{"loc":{"start":{"line":51,"column":12},"end":{"line":66,"column":13}},"type":"if","locations":[{"start":{"line":51,"column":12},"end":{"line":66,"column":13}},{"start":{},"end":{}}],"line":51},"7":{"loc":{"start":{"line":51,"column":16},"end":{"line":51,"column":90}},"type":"binary-expr","locations":[{"start":{"line":51,"column":16},"end":{"line":51,"column":46}},{"start":{"line":51,"column":50},"end":{"line":51,"column":90}}],"line":51},"8":{"loc":{"start":{"line":90,"column":12},"end":{"line":93,"column":13}},"type":"if","locations":[{"start":{"line":90,"column":12},"end":{"line":93,"column":13}},{"start":{},"end":{}}],"line":90},"9":{"loc":{"start":{"line":96,"column":61},"end":{"line":96,"column":122}},"type":"cond-expr","locations":[{"start":{"line":96,"column":72},"end":{"line":96,"column":114}},{"start":{"line":96,"column":117},"end":{"line":96,"column":122}}],"line":96}},"s":{"0":1,"1":1,"2":1,"3":5,"4":5,"5":5,"6":5,"7":5,"8":5,"9":4,"10":1,"11":3,"12":3,"13":3,"14":3,"15":1,"16":2,"17":2,"18":3,"19":3,"20":3,"21":3,"22":3,"23":3,"24":3,"25":3,"26":3,"27":1,"28":1,"29":1,"30":3,"31":3,"32":2,"33":2,"34":2,"35":5,"36":1,"37":3,"38":3,"39":3,"40":3,"41":3,"42":1,"43":1,"44":3,"45":3,"46":3,"47":2,"48":3,"49":0,"50":0,"51":1,"52":1},"f":{"0":1,"1":5,"2":3,"3":2},"b":{"0":[5],"1":[2],"2":[5,0],"3":[1,3],"4":[1,2],"5":[2,0],"6":[1,2],"7":[3,1],"8":[1,2],"9":[1,1]},"_coverageSchema":"1a1c01bbd47fc00a2c39e90264f33305004495a9","hash":"2df77cea1baacb4a5fb323328020ae3c7d7f1b97"}
}
