{"C:\\Users\\eakan\\OneDrive\\Documents\\GitHub\\Weewooo\\server\\history.js": {"path":"C:\\Users\\eakan\\OneDrive\\Documents\\GitHub\\Weewooo\\server\\history.js","statementMap":{"0":{"start":{"line":1,"column":16},"end":{"line":1,"column":34}},"1":{"start":{"line":4,"column":19},"end":{"line":4,"column":35}},"2":{"start":{"line":6,"column":4},"end":{"line":78,"column":7}},"3":{"start":{"line":7,"column":126},"end":{"line":7,"column":134}},"4":{"start":{"line":8,"column":20},"end":{"line":8,"column":41}},"5":{"start":{"line":10,"column":27},"end":{"line":10,"column":53}},"6":{"start":{"line":12,"column":8},"end":{"line":77,"column":9}},"7":{"start":{"line":13,"column":12},"end":{"line":13,"column":48}},"8":{"start":{"line":16,"column":28},"end":{"line":16,"column":137}},"9":{"start":{"line":17,"column":12},"end":{"line":17,"column":84}},"10":{"start":{"line":17,"column":36},"end":{"line":17,"column":84}},"11":{"start":{"line":18,"column":25},"end":{"line":18,"column":33}},"12":{"start":{"line":21,"column":34},"end":{"line":21,"column":47}},"13":{"start":{"line":22,"column":43},"end":{"line":22,"column":77}},"14":{"start":{"line":24,"column":12},"end":{"line":28,"column":13}},"15":{"start":{"line":25,"column":16},"end":{"line":25,"column":44}},"16":{"start":{"line":26,"column":19},"end":{"line":28,"column":13}},"17":{"start":{"line":27,"column":16},"end":{"line":27,"column":44}},"18":{"start":{"line":30,"column":12},"end":{"line":30,"column":59}},"19":{"start":{"line":33,"column":12},"end":{"line":33,"column":140}},"20":{"start":{"line":36,"column":33},"end":{"line":40,"column":13}},"21":{"start":{"line":41,"column":12},"end":{"line":43,"column":15}},"22":{"start":{"line":46,"column":34},"end":{"line":46,"column":162}},"23":{"start":{"line":47,"column":32},"end":{"line":47,"column":46}},"24":{"start":{"line":48,"column":27},"end":{"line":48,"column":51}},"25":{"start":{"line":49,"column":44},"end":{"line":49,"column":78}},"26":{"start":{"line":51,"column":12},"end":{"line":66,"column":13}},"27":{"start":{"line":52,"column":41},"end":{"line":56,"column":17}},"28":{"start":{"line":57,"column":16},"end":{"line":64,"column":19}},"29":{"start":{"line":65,"column":16},"end":{"line":65,"column":83}},"30":{"start":{"line":68,"column":12},"end":{"line":68,"column":38}},"31":{"start":{"line":69,"column":12},"end":{"line":69,"column":116}},"32":{"start":{"line":72,"column":12},"end":{"line":72,"column":40}},"33":{"start":{"line":73,"column":12},"end":{"line":73,"column":56}},"34":{"start":{"line":74,"column":12},"end":{"line":74,"column":89}},"35":{"start":{"line":76,"column":12},"end":{"line":76,"column":33}},"36":{"start":{"line":80,"column":4},"end":{"line":102,"column":7}},"37":{"start":{"line":81,"column":27},"end":{"line":81,"column":36}},"38":{"start":{"line":82,"column":8},"end":{"line":101,"column":9}},"39":{"start":{"line":83,"column":24},"end":{"line":88,"column":13}},"40":{"start":{"line":89,"column":27},"end":{"line":89,"column":29}},"41":{"start":{"line":90,"column":12},"end":{"line":93,"column":13}},"42":{"start":{"line":91,"column":16},"end":{"line":91,"column":46}},"43":{"start":{"line":92,"column":16},"end":{"line":92,"column":36}},"44":{"start":{"line":94,"column":12},"end":{"line":94,"column":51}},"45":{"start":{"line":95,"column":27},"end":{"line":95,"column":58}},"46":{"start":{"line":96,"column":28},"end":{"line":96,"column":126}},"47":{"start":{"line":96,"column":45},"end":{"line":96,"column":124}},"48":{"start":{"line":97,"column":12},"end":{"line":97,"column":30}},"49":{"start":{"line":99,"column":12},"end":{"line":99,"column":60}},"50":{"start":{"line":100,"column":12},"end":{"line":100,"column":79}},"51":{"start":{"line":104,"column":4},"end":{"line":104,"column":18}},"52":{"start":{"line":107,"column":0},"end":{"line":107,"column":37}}},"fnMap":{"0":{"name":"createHistoryRouter","decl":{"start":{"line":3,"column":9},"end":{"line":3,"column":28}},"loc":{"start":{"line":3,"column":35},"end":{"line":105,"column":1}},"line":3},"1":{"name":"(anonymous_1)","decl":{"start":{"line":6,"column":31},"end":{"line":6,"column":32}},"loc":{"start":{"line":6,"column":51},"end":{"line":78,"column":5}},"line":6},"2":{"name":"(anonymous_2)","decl":{"start":{"line":80,"column":27},"end":{"line":80,"column":28}},"loc":{"start":{"line":80,"column":47},"end":{"line":102,"column":5}},"line":80},"3":{"name":"(anonymous_3)","decl":{"start":{"line":96,"column":37},"end":{"line":96,"column":38}},"loc":{"start":{"line":96,"column":45},"end":{"line":96,"column":124}},"line":96}},"branchMap":{"0":{"loc":{"start":{"line":7,"column":42},"end":{"line":7,"column":98}},"type":"default-arg","locations":[{"start":{"line":7,"column":51},"end":{"line":7,"column":98}}],"line":7},"1":{"loc":{"start":{"line":7,"column":100},"end":{"line":7,"column":121}},"type":"default-arg","locations":[{"start":{"line":7,"column":107},"end":{"line":7,"column":121}}],"line":7},"2":{"loc":{"start":{"line":8,"column":20},"end":{"line":8,"column":41}},"type":"binary-expr","locations":[{"start":{"line":8,"column":20},"end":{"line":8,"column":36}},{"start":{"line":8,"column":40},"end":{"line":8,"column":41}}],"line":8},"3":{"loc":{"start":{"line":17,"column":12},"end":{"line":17,"column":84}},"type":"if","locations":[{"start":{"line":17,"column":12},"end":{"line":17,"column":84}},{"start":{},"end":{}}],"line":17},"4":{"loc":{"start":{"line":24,"column":12},"end":{"line":28,"column":13}},"type":"if","locations":[{"start":{"line":24,"column":12},"end":{"line":28,"column":13}},{"start":{"line":26,"column":19},"end":{"line":28,"column":13}}],"line":24},"5":{"loc":{"start":{"line":26,"column":19},"end":{"line":28,"column":13}},"type":"if","locations":[{"start":{"line":26,"column":19},"end":{"line":28,"column":13}},{"start":{},"end":{}}],"line":26},"6":{"loc":{"start":{"line":51,"column":12},"end":{"line":66,"column":13}},"type":"if","locations":[{"start":{"line":51,"column":12},"end":{"line":66,"column":13}},{"start":{},"end":{}}],"line":51},"7":{"loc":{"start":{"line":51,"column":16},"end":{"line":51,"column":90}},"type":"binary-expr","locations":[{"start":{"line":51,"column":16},"end":{"line":51,"column":46}},{"start":{"line":51,"column":50},"end":{"line":51,"column":90}}],"line":51},"8":{"loc":{"start":{"line":90,"column":12},"end":{"line":93,"column":13}},"type":"if","locations":[{"start":{"line":90,"column":12},"end":{"line":93,"column":13}},{"start":{},"end":{}}],"line":90},"9":{"loc":{"start":{"line":96,"column":61},"end":{"line":96,"column":122}},"type":"cond-expr","locations":[{"start":{"line":96,"column":72},"end":{"line":96,"column":114}},{"start":{"line":96,"column":117},"end":{"line":96,"column":122}}],"line":96}},"s":{"0":1,"1":1,"2":1,"3":5,"4":5,"5":5,"6":5,"7":5,"8":5,"9":4,"10":1,"11":3,"12":3,"13":3,"14":3,"15":1,"16":2,"17":2,"18":3,"19":3,"20":3,"21":3,"22":3,"23":3,"24":3,"25":3,"26":3,"27":1,"28":1,"29":1,"30":3,"31":3,"32":2,"33":2,"34":2,"35":5,"36":1,"37":3,"38":3,"39":3,"40":3,"41":3,"42":1,"43":1,"44":3,"45":3,"46":3,"47":2,"48":3,"49":0,"50":0,"51":1,"52":1},"f":{"0":1,"1":5,"2":3,"3":2},"b":{"0":[5],"1":[2],"2":[5,0],"3":[1,3],"4":[1,2],"5":[2,0],"6":[1,2],"7":[3,1],"8":[1,2],"9":[1,1]},"_coverageSchema":"1a1c01bbd47fc00a2c39e90264f33305004495a9","hash":"bbbd16cda62de1f37aa9d7db3c49d00177d73667"}
}
