TN:
SF:app/(tabs)/scan.tsx
FN:30,ScanScreen
FN:42,(anonymous_1)
FN:54,(anonymous_2)
FN:77,(anonymous_3)
FN:83,(anonymous_4)
FN:90,(anonymous_5)
FN:100,(anonymous_6)
FN:113,(anonymous_7)
FN:118,(anonymous_8)
FN:127,(anonymous_9)
FN:146,(anonymous_10)
FN:162,(anonymous_11)
FN:206,(anonymous_12)
FN:270,(anonymous_13)
FN:274,(anonymous_14)
FNF:15
FNH:11
FNDA:13,ScanScreen
FNDA:4,(anonymous_1)
FNDA:3,(anonymous_2)
FNDA:0,(anonymous_3)
FNDA:2,(anonymous_4)
FNDA:0,(anonymous_5)
FNDA:3,(anonymous_6)
FNDA:0,(anonymous_7)
FNDA:13,(anonymous_8)
FNDA:1,(anonymous_9)
FNDA:2,(anonymous_10)
FNDA:13,(anonymous_11)
FNDA:2,(anonymous_12)
FNDA:78,(anonymous_13)
FNDA:0,(anonymous_14)
DA:18,1
DA:28,1
DA:31,13
DA:32,13
DA:33,13
DA:36,13
DA:37,13
DA:42,13
DA:44,4
DA:45,4
DA:47,4
DA:48,0
DA:49,0
DA:53,4
DA:54,3
DA:55,2
DA:56,1
DA:57,1
DA:62,3
DA:63,3
DA:66,3
DA:68,3
DA:71,0
DA:74,3
DA:77,3
DA:78,0
DA:79,0
DA:83,13
DA:84,2
DA:85,2
DA:87,2
DA:89,1
DA:90,1
DA:91,1
DA:92,1
DA:96,1
DA:100,13
DA:101,3
DA:102,3
DA:104,3
DA:105,0
DA:106,0
DA:110,3
DA:113,13
DA:115,0
DA:118,13
DA:119,13
DA:127,1
DA:146,2
DA:162,13
DA:164,13
DA:167,0
DA:175,13
DA:176,0
DA:184,13
DA:186,0
DA:200,13
DA:206,2
DA:242,13
DA:271,78
DA:274,0
DA:286,1
LF:62
LH:50
BRDA:44,0,0,4
BRDA:44,0,1,0
BRDA:45,1,0,0
BRDA:45,1,1,4
BRDA:47,2,0,0
BRDA:47,2,1,4
BRDA:53,3,0,2
BRDA:53,3,1,2
BRDA:55,4,0,1
BRDA:55,4,1,1
BRDA:55,5,0,2
BRDA:55,5,1,2
BRDA:56,6,0,1
BRDA:56,6,1,0
BRDA:84,7,0,2
BRDA:84,7,1,0
BRDA:85,8,0,2
BRDA:85,8,1,0
BRDA:87,9,0,1
BRDA:87,9,1,1
BRDA:102,10,0,0
BRDA:102,10,1,3
BRDA:104,11,0,0
BRDA:104,11,1,3
BRDA:123,12,0,8
BRDA:123,12,1,5
BRDA:131,13,0,8
BRDA:131,13,1,5
BRDA:142,14,0,5
BRDA:142,14,1,8
BRDA:150,15,0,5
BRDA:150,15,1,8
BRDA:164,16,0,0
BRDA:164,16,1,13
BRDA:175,17,0,0
BRDA:175,17,1,13
BRDA:184,18,0,0
BRDA:184,18,1,13
BRDA:225,19,0,13
BRDA:225,19,1,5
BRF:40
BRH:29
end_of_record
TN:
SF:app/utils/inventoryFilters.js
FN:7,filterInventoryItems
FN:16,(anonymous_1)
FN:21,(anonymous_2)
FN:28,(anonymous_3)
FN:31,(anonymous_4)
FNF:5
FNH:5
FNDA:20,filterInventoryItems
FNDA:140,(anonymous_1)
FNDA:70,(anonymous_2)
FNDA:40,(anonymous_3)
FNDA:24,(anonymous_4)
DA:14,20
DA:17,140
DA:22,70
DA:29,40
DA:32,24
DA:33,11
DA:37,13
DA:38,13
DA:39,13
DA:40,13
DA:43,13
DA:44,4
DA:48,9
DA:49,9
DA:50,9
DA:51,9
DA:52,9
DA:54,0
LF:18
LH:17
BRDA:17,0,0,140
BRDA:17,0,1,105
BRDA:22,1,0,70
BRDA:22,1,1,45
BRDA:22,1,2,41
BRDA:22,1,3,38
BRDA:23,2,0,45
BRDA:23,2,1,0
BRDA:24,3,0,41
BRDA:24,3,1,0
BRDA:25,4,0,38
BRDA:25,4,1,0
BRDA:29,5,0,40
BRDA:29,5,1,30
BRDA:32,6,0,11
BRDA:32,6,1,13
BRDA:43,7,0,4
BRDA:43,7,1,9
BRDA:48,8,0,9
BRDA:48,8,1,0
BRDA:52,9,0,9
BRDA:52,9,1,8
BRF:22
BRH:18
end_of_record
TN:
SF:components/Header.tsx
FN:7,Header
FN:25,(anonymous_1)
FNF:2
FNH:1
FNDA:12,Header
FNDA:0,(anonymous_1)
DA:8,12
DA:9,12
DA:11,12
DA:26,0
DA:27,0
DA:42,1
LF:6
LH:4
BRDA:30,0,0,12
BRDA:30,0,1,0
BRDA:33,1,0,0
BRDA:33,1,1,0
BRF:4
BRH:1
end_of_record
TN:
SF:server/history.js
FN:3,createHistoryRouter
FN:6,(anonymous_1)
FN:92,(anonymous_2)
FN:125,(anonymous_3)
FNF:4
FNH:3
FNDA:1,createHistoryRouter
FNDA:6,(anonymous_1)
FNDA:1,(anonymous_2)
FNDA:0,(anonymous_3)
DA:1,1
DA:4,1
DA:6,1
DA:7,6
DA:8,6
DA:10,6
DA:12,6
DA:13,6
DA:16,6
DA:17,5
DA:18,4
DA:21,4
DA:22,4
DA:24,4
DA:25,1
DA:26,3
DA:28,3
DA:29,1
DA:31,2
DA:34,3
DA:37,3
DA:40,3
DA:45,3
DA:50,3
DA:51,3
DA:52,3
DA:53,3
DA:55,3
DA:56,1
DA:61,1
DA:72,3
DA:73,3
DA:76,3
DA:78,3
DA:79,1
DA:81,2
DA:82,1
DA:84,1
DA:85,1
DA:88,6
DA:92,1
DA:94,1
DA:95,1
DA:96,1
DA:103,1
DA:106,1
DA:107,1
DA:108,1
DA:110,1
DA:111,1
DA:112,1
DA:114,1
DA:115,1
DA:116,1
DA:118,1
DA:119,1
DA:121,0
DA:124,1
DA:125,1
DA:126,1
DA:128,0
DA:129,0
DA:133,1
DA:136,1
LF:64
LH:61
BRDA:7,0,0,6
BRDA:7,1,0,2
BRDA:8,2,0,6
BRDA:8,2,1,0
BRDA:17,3,0,1
BRDA:17,3,1,4
BRDA:24,4,0,1
BRDA:24,4,1,3
BRDA:26,5,0,3
BRDA:26,5,1,0
BRDA:28,6,0,1
BRDA:28,6,1,2
BRDA:55,7,0,1
BRDA:55,7,1,2
BRDA:55,8,0,3
BRDA:55,8,1,1
BRDA:78,9,0,1
BRDA:78,9,1,2
BRDA:81,10,0,1
BRDA:81,10,1,1
BRDA:106,11,0,1
BRDA:106,11,1,0
BRDA:110,12,0,1
BRDA:110,12,1,0
BRDA:114,13,0,1
BRDA:114,13,1,0
BRDA:118,14,0,1
BRDA:118,14,1,0
BRDA:125,15,0,0
BRDA:125,15,1,0
BRF:30
BRH:22
end_of_record
